android/app/build/intermediates/manifest_merge_blame_file/debug/manifest-merger-blame-debug-report.txt
1<?xml version="1.0" encoding="utf-8"?>
2<manifest xmlns:android="http://schemas.android.com/apk/res/android"
3    package="com.timetrackingapp"
4    android:versionCode="1"
5    android:versionName="1.0" >
6
7    <uses-sdk
8        android:minSdkVersion="21"
9        android:targetSdkVersion="29" />
10
11    <uses-permission android:name="android.permission.SYSTEM_ALERT_WINDOW" />
11-->src\debug\AndroidManifest.xml:5:5-77
11-->src\debug\AndroidManifest.xml:5:22-75
12    <uses-permission android:name="android.permission.INTERNET" />
12-->src\main\AndroidManifest.xml:4:5-67
12-->src\main\AndroidManifest.xml:4:22-64
13    <uses-permission android:name="android.permission.CAMERA" />
13-->src\main\AndroidManifest.xml:5:5-64
13-->src\main\AndroidManifest.xml:5:22-62
14
15    <uses-feature
15-->src\main\AndroidManifest.xml:6:5-85
16        android:name="android.hardware.camera"
16-->src\main\AndroidManifest.xml:6:19-57
17        android:required="false" />
17-->src\main\AndroidManifest.xml:6:58-82
18    <uses-feature
18-->src\main\AndroidManifest.xml:7:5-91
19        android:name="android.hardware.camera.front"
19-->src\main\AndroidManifest.xml:7:19-63
20        android:required="false" /> <!-- Required -->
20-->src\main\AndroidManifest.xml:7:64-88
21    <uses-permission android:name="android.permission.CAMERA" /> <!-- Include this only if you are planning to use the camera roll -->
21-->src\main\AndroidManifest.xml:5:5-64
21-->src\main\AndroidManifest.xml:5:22-62
22    <uses-permission android:name="android.permission.READ_EXTERNAL_STORAGE" />
22-->src\main\AndroidManifest.xml:12:1-76
22-->src\main\AndroidManifest.xml:12:18-73
23    <uses-permission android:name="android.permission.WRITE_EXTERNAL_STORAGE" /> <!-- Include this only if you are planning to use the microphone for video recording -->
23-->src\main\AndroidManifest.xml:13:1-77
23-->src\main\AndroidManifest.xml:13:18-74
24    <uses-permission android:name="android.permission.RECORD_AUDIO" />
24-->src\main\AndroidManifest.xml:16:1-66
24-->src\main\AndroidManifest.xml:16:18-64
25    <uses-permission android:name="android.permission.ACCESS_WIFI_STATE" />
25-->[com.facebook.flipper:flipper:0.75.1] AndroidManifest.xml:16:5-76
25-->[com.facebook.flipper:flipper:0.75.1] AndroidManifest.xml:16:22-73
26
27    <uses-feature
27-->[:react-native-camera] AndroidManifest.xml:14:5-16:36
28        android:name="android.hardware.camera.autofocus"
28-->[:react-native-camera] AndroidManifest.xml:15:9-57
29        android:required="false" />
29-->[:react-native-camera] AndroidManifest.xml:16:9-33
30
31    <queries>
31-->[:react-native-image-crop-picker] AndroidManifest.xml:10:5-14:15
32        <intent>
32-->[:react-native-image-crop-picker] AndroidManifest.xml:11:9-13:18
33            <action android:name="android.media.action.IMAGE_CAPTURE" />
33-->[:react-native-image-crop-picker] AndroidManifest.xml:12:13-73
33-->[:react-native-image-crop-picker] AndroidManifest.xml:12:21-70
34        </intent>
35    </queries>
36
37    <application
37-->src\main\AndroidManifest.xml:17:5-35:19
38        android:name="com.timetrackingapp.MainApplication"
38-->src\main\AndroidManifest.xml:18:7-38
39        android:allowBackup="false"
39-->src\main\AndroidManifest.xml:22:7-34
40        android:appComponentFactory="androidx.core.app.CoreComponentFactory"
40-->[androidx.core:core:1.1.0] AndroidManifest.xml:24:18-86
41        android:debuggable="true"
42        android:icon="@mipmap/background"
42-->src\main\AndroidManifest.xml:20:7-40
43        android:label="@string/app_name"
43-->src\main\AndroidManifest.xml:19:7-39
44        android:roundIcon="@mipmap/background"
44-->src\main\AndroidManifest.xml:21:7-45
45        android:theme="@style/AppTheme"
45-->src\main\AndroidManifest.xml:23:7-38
46        android:usesCleartextTraffic="true" >
46-->src\debug\AndroidManifest.xml:8:9-44
47        <activity android:name="com.facebook.react.devsupport.DevSettingsActivity" />
47-->src\debug\AndroidManifest.xml:11:9-86
47-->src\debug\AndroidManifest.xml:11:19-83
48        <activity
48-->src\main\AndroidManifest.xml:24:7-34:18
49            android:name="com.timetrackingapp.MainActivity"
49-->src\main\AndroidManifest.xml:25:9-37
50            android:configChanges="keyboard|keyboardHidden|orientation|screenSize|uiMode"
50-->src\main\AndroidManifest.xml:27:9-86
51            android:label="@string/app_name"
51-->src\main\AndroidManifest.xml:26:9-41
52            android:launchMode="singleTask"
52-->src\main\AndroidManifest.xml:28:9-40
53            android:windowSoftInputMode="adjustResize" >
53-->src\main\AndroidManifest.xml:29:9-51
54            <intent-filter>
54-->src\main\AndroidManifest.xml:30:9-33:25
55                <action android:name="android.intent.action.MAIN" />
55-->src\main\AndroidManifest.xml:31:13-65
55-->src\main\AndroidManifest.xml:31:21-62
56
57                <category android:name="android.intent.category.LAUNCHER" />
57-->src\main\AndroidManifest.xml:32:13-73
57-->src\main\AndroidManifest.xml:32:23-70
58            </intent-filter>
59        </activity>
60
61        <provider
61-->[:react-native-image-crop-picker] AndroidManifest.xml:19:9-27:20
62            android:name="androidx.core.content.FileProvider"
62-->[:react-native-image-crop-picker] AndroidManifest.xml:20:13-62
63            android:authorities="com.timetrackingapp.provider"
63-->[:react-native-image-crop-picker] AndroidManifest.xml:21:13-60
64            android:exported="false"
64-->[:react-native-image-crop-picker] AndroidManifest.xml:22:13-37
65            android:grantUriPermissions="true" >
65-->[:react-native-image-crop-picker] AndroidManifest.xml:23:13-47
66            <meta-data
66-->[:react-native-image-crop-picker] AndroidManifest.xml:24:13-26:58
67                android:name="android.support.FILE_PROVIDER_PATHS"
67-->[:react-native-image-crop-picker] AndroidManifest.xml:25:17-67
68                android:resource="@xml/provider_paths" />
68-->[:react-native-image-crop-picker] AndroidManifest.xml:26:17-55
69        </provider>
70
71        <activity
71-->[:react-native-image-crop-picker] AndroidManifest.xml:29:9-31:72
72            android:name="com.yalantis.ucrop.UCropActivity"
72-->[:react-native-image-crop-picker] AndroidManifest.xml:30:13-60
73            android:theme="@style/Theme.AppCompat.Light.NoActionBar" />
73-->[:react-native-image-crop-picker] AndroidManifest.xml:31:13-69
74        <activity
74-->[com.google.android.gms:play-services-base:16.0.1] AndroidManifest.xml:23:9-26:75
75            android:name="com.google.android.gms.common.api.GoogleApiActivity"
75-->[com.google.android.gms:play-services-base:16.0.1] AndroidManifest.xml:24:13-79
76            android:exported="false"
76-->[com.google.android.gms:play-services-base:16.0.1] AndroidManifest.xml:25:13-37
77            android:theme="@android:style/Theme.Translucent.NoTitleBar" />
77-->[com.google.android.gms:play-services-base:16.0.1] AndroidManifest.xml:26:13-72
78
79        <meta-data
79-->[com.google.android.gms:play-services-basement:16.1.0] AndroidManifest.xml:23:9-25:69
80            android:name="com.google.android.gms.version"
80-->[com.google.android.gms:play-services-basement:16.1.0] AndroidManifest.xml:24:13-58
81            android:value="@integer/google_play_services_version" />
81-->[com.google.android.gms:play-services-basement:16.1.0] AndroidManifest.xml:25:13-66
82    </application>
83
84</manifest>